build/app/intermediates/manifest_merge_blame_file/release/manifest-merger-blame-release-report.txt
1<?xml version="1.0" encoding="utf-8"?>
2<manifest xmlns:android="http://schemas.android.com/apk/res/android"
3    package="com.example.emka_gps"
4    android:versionCode="1"
5    android:versionName="1.0.0" >
6
7    <uses-sdk
8        android:minSdkVersion="20"
8-->src/main/AndroidManifest.xml
9        android:targetSdkVersion="30" />
9-->src/main/AndroidManifest.xml
10
11    <uses-permission android:name="android.permission.ACCESS_NETWORK_STATE" />
11-->[:connectivity] AndroidManifest.xml:7:5-79
11-->[:connectivity] AndroidManifest.xml:7:22-76
12    <uses-permission android:name="android.permission.REQUEST_INSTALL_PACKAGES" />
12-->[:open_file] AndroidManifest.xml:8:5-83
12-->[:open_file] AndroidManifest.xml:8:22-80
13    <uses-permission android:name="android.permission.READ_EXTERNAL_STORAGE" />
13-->[:open_file] AndroidManifest.xml:9:5-80
13-->[:open_file] AndroidManifest.xml:9:22-77
14    <uses-permission android:name="android.permission.RECEIVE_BOOT_COMPLETED" />
14-->[:flutter_local_notifications] AndroidManifest.xml:7:5-81
14-->[:flutter_local_notifications] AndroidManifest.xml:7:22-78
15    <uses-permission android:name="android.permission.VIBRATE" />
15-->[:flutter_local_notifications] AndroidManifest.xml:8:5-66
15-->[:flutter_local_notifications] AndroidManifest.xml:8:22-63
16    <uses-permission android:name="android.permission.USE_FULL_SCREEN_INTENT" />
16-->[:flutter_local_notifications] AndroidManifest.xml:9:5-81
16-->[:flutter_local_notifications] AndroidManifest.xml:9:22-78
17    <uses-permission android:name="android.permission.SCHEDULE_EXACT_ALARM" />
17-->[:flutter_local_notifications] AndroidManifest.xml:10:5-79
17-->[:flutter_local_notifications] AndroidManifest.xml:10:22-76
18    <uses-permission android:name="android.permission.ACCESS_COARSE_LOCATION" />
18-->[:location] AndroidManifest.xml:7:5-81
18-->[:location] AndroidManifest.xml:7:22-78
19    <uses-permission android:name="android.permission.ACCESS_FINE_LOCATION" />
19-->[:location] AndroidManifest.xml:8:5-79
19-->[:location] AndroidManifest.xml:8:22-76
20    <uses-permission android:name="android.permission.INTERNET" />
20-->[com.google.android.gms:play-services-maps:17.0.0] AndroidManifest.xml:24:5-67
20-->[com.google.android.gms:play-services-maps:17.0.0] AndroidManifest.xml:24:22-64
21
22    <uses-feature
22-->[com.google.android.gms:play-services-maps:17.0.0] AndroidManifest.xml:26:5-28:35
23        android:glEsVersion="0x00020000"
23-->[com.google.android.gms:play-services-maps:17.0.0] AndroidManifest.xml:27:9-41
24        android:required="true" />
24-->[com.google.android.gms:play-services-maps:17.0.0] AndroidManifest.xml:28:9-32
25
26    <application
26-->src/main/AndroidManifest.xml:3:4-42:19
27        android:appComponentFactory="androidx.core.app.CoreComponentFactory"
27-->[androidx.core:core:1.3.2] AndroidManifest.xml:24:18-86
28        android:icon="@mipmap/launcher_icon"
28-->src/main/AndroidManifest.xml:5:9-45
29        android:label="Emka GPS" >
29-->src/main/AndroidManifest.xml:4:9-33
30        <meta-data
30-->src/main/AndroidManifest.xml:6:10-7:66
31            android:name="com.google.android.geo.API_KEY"
31-->src/main/AndroidManifest.xml:6:21-66
32            android:value="AIzaSyAhiApIMmfzo1JSvkEAgKBhkJP79I4cg3c" />
32-->src/main/AndroidManifest.xml:7:9-64
33
34        <activity
34-->src/main/AndroidManifest.xml:8:9-36:20
35            android:name="com.example.emka_gps.MainActivity"
35-->src/main/AndroidManifest.xml:9:13-41
36            android:configChanges="orientation|keyboardHidden|keyboard|screenSize|smallestScreenSize|locale|layoutDirection|fontScale|screenLayout|density|uiMode"
36-->src/main/AndroidManifest.xml:12:13-163
37            android:hardwareAccelerated="true"
37-->src/main/AndroidManifest.xml:13:13-47
38            android:launchMode="singleTop"
38-->src/main/AndroidManifest.xml:10:13-43
39            android:theme="@style/LaunchTheme"
39-->src/main/AndroidManifest.xml:11:13-47
40            android:windowSoftInputMode="adjustResize" >
40-->src/main/AndroidManifest.xml:14:13-55
41
42            <!--
43                 Specifies an Android theme to apply to this Activity as soon as
44                 the Android process has started. This theme is visible to the user
45                 while the Flutter UI initializes. After that, this theme continues
46                 to determine the Window background behind the Flutter UI.
47            -->
48            <meta-data
48-->src/main/AndroidManifest.xml:19:13-22:17
49                android:name="io.flutter.embedding.android.NormalTheme"
49-->src/main/AndroidManifest.xml:20:15-70
50                android:resource="@style/NormalTheme" />
50-->src/main/AndroidManifest.xml:21:15-52
51            <!--
52                 Displays an Android View that continues showing the launch screen
53                 Drawable until Flutter paints its first frame, then this splash
54                 screen fades out. A splash screen is useful to avoid any visual
55                 gap between the end of Android's launch screen and the painting of
56                 Flutter's first frame.
57            -->
58            <meta-data
58-->src/main/AndroidManifest.xml:28:13-31:17
59                android:name="io.flutter.embedding.android.SplashScreenDrawable"
59-->src/main/AndroidManifest.xml:29:15-79
60                android:resource="@drawable/launch_background" />
60-->src/main/AndroidManifest.xml:30:15-61
61
62            <intent-filter>
62-->src/main/AndroidManifest.xml:32:13-35:29
63                <action android:name="android.intent.action.MAIN" />
63-->src/main/AndroidManifest.xml:33:17-68
63-->src/main/AndroidManifest.xml:33:25-66
64
65                <category android:name="android.intent.category.LAUNCHER" />
65-->src/main/AndroidManifest.xml:34:17-76
65-->src/main/AndroidManifest.xml:34:27-74
66            </intent-filter>
67        </activity>
68        <!--
69             Don't delete the meta-data below.
70             This is used by the Flutter tool to generate GeneratedPluginRegistrant.java
71        -->
72        <meta-data
72-->src/main/AndroidManifest.xml:39:9-41:33
73            android:name="flutterEmbedding"
73-->src/main/AndroidManifest.xml:40:13-44
74            android:value="2" />
74-->src/main/AndroidManifest.xml:41:13-30
75
76        <provider
76-->[:open_file] AndroidManifest.xml:12:9-21:20
77            android:name="com.crazecoder.openfile.FileProvider"
77-->[:open_file] AndroidManifest.xml:13:13-64
78            android:authorities="com.example.emka_gps.fileProvider.com.crazecoder.openfile"
78-->[:open_file] AndroidManifest.xml:14:13-88
79            android:exported="false"
79-->[:open_file] AndroidManifest.xml:15:13-37
80            android:grantUriPermissions="true" >
80-->[:open_file] AndroidManifest.xml:16:13-47
81            <meta-data
81-->[:open_file] AndroidManifest.xml:18:13-20:53
82                android:name="android.support.FILE_PROVIDER_PATHS"
82-->[:open_file] AndroidManifest.xml:19:17-67
83                android:resource="@xml/filepaths" />
83-->[:open_file] AndroidManifest.xml:20:17-50
84        </provider>
85
86        <receiver
86-->[:flutter_local_notifications] AndroidManifest.xml:13:9-15:40
87            android:name="com.dexterous.flutterlocalnotifications.ScheduledNotificationReceiver"
87-->[:flutter_local_notifications] AndroidManifest.xml:14:13-97
88            android:exported="false" />
88-->[:flutter_local_notifications] AndroidManifest.xml:15:13-37
89        <receiver
89-->[:flutter_local_notifications] AndroidManifest.xml:16:9-25:20
90            android:name="com.dexterous.flutterlocalnotifications.ScheduledNotificationBootReceiver"
90-->[:flutter_local_notifications] AndroidManifest.xml:17:13-101
91            android:exported="false" >
91-->[:flutter_local_notifications] AndroidManifest.xml:18:13-37
92            <intent-filter>
92-->[:flutter_local_notifications] AndroidManifest.xml:19:13-24:29
93                <action android:name="android.intent.action.BOOT_COMPLETED" />
93-->[:flutter_local_notifications] AndroidManifest.xml:20:17-79
93-->[:flutter_local_notifications] AndroidManifest.xml:20:25-76
94                <action android:name="android.intent.action.MY_PACKAGE_REPLACED" />
94-->[:flutter_local_notifications] AndroidManifest.xml:21:17-84
94-->[:flutter_local_notifications] AndroidManifest.xml:21:25-81
95                <action android:name="android.intent.action.QUICKBOOT_POWERON" />
95-->[:flutter_local_notifications] AndroidManifest.xml:22:17-82
95-->[:flutter_local_notifications] AndroidManifest.xml:22:25-79
96                <action android:name="com.htc.intent.action.QUICKBOOT_POWERON" />
96-->[:flutter_local_notifications] AndroidManifest.xml:23:17-82
96-->[:flutter_local_notifications] AndroidManifest.xml:23:25-79
97            </intent-filter>
98        </receiver>
99
100        <activity
100-->[:url_launcher] AndroidManifest.xml:8:9-11:74
101            android:name="io.flutter.plugins.urllauncher.WebViewActivity"
101-->[:url_launcher] AndroidManifest.xml:9:13-74
102            android:exported="false"
102-->[:url_launcher] AndroidManifest.xml:10:13-37
103            android:theme="@android:style/Theme.NoTitleBar.Fullscreen" />
103-->[:url_launcher] AndroidManifest.xml:11:13-71
104
105        <service
105-->[:location] AndroidManifest.xml:11:9-15:56
106            android:name="com.lyokone.location.FlutterLocationService"
106-->[:location] AndroidManifest.xml:12:13-71
107            android:enabled="true"
107-->[:location] AndroidManifest.xml:13:13-35
108            android:exported="false"
108-->[:location] AndroidManifest.xml:14:13-37
109            android:foregroundServiceType="location" /> <!-- Needs to be explicitly declared on P+ -->
109-->[:location] AndroidManifest.xml:15:13-53
110        <uses-library
110-->[com.google.android.gms:play-services-maps:17.0.0] AndroidManifest.xml:33:9-35:40
111            android:name="org.apache.http.legacy"
111-->[com.google.android.gms:play-services-maps:17.0.0] AndroidManifest.xml:34:13-50
112            android:required="false" />
112-->[com.google.android.gms:play-services-maps:17.0.0] AndroidManifest.xml:35:13-37
113
114        <activity
114-->[com.google.android.gms:play-services-base:17.0.0] AndroidManifest.xml:23:9-26:75
115            android:name="com.google.android.gms.common.api.GoogleApiActivity"
115-->[com.google.android.gms:play-services-base:17.0.0] AndroidManifest.xml:24:13-79
116            android:exported="false"
116-->[com.google.android.gms:play-services-base:17.0.0] AndroidManifest.xml:25:13-37
117            android:theme="@android:style/Theme.Translucent.NoTitleBar" />
117-->[com.google.android.gms:play-services-base:17.0.0] AndroidManifest.xml:26:13-72
118
119        <meta-data
119-->[com.google.android.gms:play-services-basement:17.0.0] AndroidManifest.xml:23:9-25:69
120            android:name="com.google.android.gms.version"
120-->[com.google.android.gms:play-services-basement:17.0.0] AndroidManifest.xml:24:13-58
121            android:value="@integer/google_play_services_version" />
121-->[com.google.android.gms:play-services-basement:17.0.0] AndroidManifest.xml:25:13-66
122    </application>
123
124</manifest>